Started GET "/" for 127.0.0.1 at 2023-07-12 16:57:04 -0400
Processing by WelcomeController#index as HTML
  Rendering text template
  Rendered text template (Duration: 0.0ms | Allocations: 10)
Completed 200 OK in 95ms (Views: 47.2ms | ActiveRecord: 0.0ms | Allocations: 3657)


Started GET "/" for ::1 at 2023-07-12 17:13:59 -0400
Processing by WelcomeController#index as HTML
  Rendering text template
  Rendered text template (Duration: 0.1ms | Allocations: 10)
Completed 200 OK in 50ms (Views: 20.5ms | ActiveRecord: 0.0ms | Allocations: 2243)


Started GET "/" for ::1 at 2023-07-12 18:18:47 -0400
Processing by WelcomeController#index as HTML
  Rendering text template
  Rendered text template (Duration: 0.1ms | Allocations: 5)
Completed 200 OK in 19ms (Views: 2.2ms | Allocations: 177)


Started GET "/" for 127.0.0.1 at 2023-07-12 19:28:56 -0400
Processing by WelcomeController#index as HTML
  Rendering text template
  Rendered text template (Duration: 0.0ms | Allocations: 10)
Completed 200 OK in 53ms (Views: 19.3ms | ActiveRecord: 0.0ms | Allocations: 2242)


Started GET "/" for 127.0.0.1 at 2023-07-12 19:41:04 -0400
Processing by WelcomeController#index as HTML
  Rendering text template
  Rendered text template (Duration: 0.0ms | Allocations: 10)
Completed 200 OK in 51ms (Views: 17.9ms | ActiveRecord: 0.0ms | Allocations: 2219)


  [1m[35m (23.2ms)[0m  [1m[35mCREATE TABLE "schema_migrations" ("version" varchar NOT NULL PRIMARY KEY)[0m
  [1m[35m (18.4ms)[0m  [1m[35mCREATE TABLE "ar_internal_metadata" ("key" varchar NOT NULL PRIMARY KEY, "value" varchar, "created_at" datetime(6) NOT NULL, "updated_at" datetime(6) NOT NULL)[0m
  [1m[36mActiveRecord::InternalMetadata Load (2.3ms)[0m  [1m[34mSELECT "ar_internal_metadata".* FROM "ar_internal_metadata" WHERE "ar_internal_metadata"."key" = ? LIMIT ?[0m  [["key", "environment"], ["LIMIT", 1]]
  [1m[36mTRANSACTION (0.1ms)[0m  [1m[36mbegin transaction[0m
  [1m[36mActiveRecord::InternalMetadata Create (8.1ms)[0m  [1m[32mINSERT INTO "ar_internal_metadata" ("key", "value", "created_at", "updated_at") VALUES (?, ?, ?, ?)[0m  [["key", "environment"], ["value", "development"], ["created_at", "2023-07-12 23:54:15.908236"], ["updated_at", "2023-07-12 23:54:15.908236"]]
  [1m[36mTRANSACTION (14.9ms)[0m  [1m[36mcommit transaction[0m
  [1m[36mActiveRecord::SchemaMigration Pluck (1.4ms)[0m  [1m[34mSELECT "schema_migrations"."version" FROM "schema_migrations" ORDER BY "schema_migrations"."version" ASC[0m
  [1m[35m (22.4ms)[0m  [1m[35mCREATE TABLE "schema_migrations" ("version" varchar NOT NULL PRIMARY KEY)[0m
  [1m[35m (17.7ms)[0m  [1m[35mCREATE TABLE "ar_internal_metadata" ("key" varchar NOT NULL PRIMARY KEY, "value" varchar, "created_at" datetime(6) NOT NULL, "updated_at" datetime(6) NOT NULL)[0m
  [1m[36mActiveRecord::InternalMetadata Load (1.6ms)[0m  [1m[34mSELECT "ar_internal_metadata".* FROM "ar_internal_metadata" WHERE "ar_internal_metadata"."key" = ? LIMIT ?[0m  [["key", "environment"], ["LIMIT", 1]]
  [1m[36mTRANSACTION (0.0ms)[0m  [1m[36mbegin transaction[0m
  [1m[36mActiveRecord::InternalMetadata Create (6.3ms)[0m  [1m[32mINSERT INTO "ar_internal_metadata" ("key", "value", "created_at", "updated_at") VALUES (?, ?, ?, ?)[0m  [["key", "environment"], ["value", "test"], ["created_at", "2023-07-12 23:54:16.017938"], ["updated_at", "2023-07-12 23:54:16.017938"]]
  [1m[36mTRANSACTION (13.4ms)[0m  [1m[36mcommit transaction[0m
  [1m[36mActiveRecord::SchemaMigration Pluck (1.8ms)[0m  [1m[34mSELECT "schema_migrations"."version" FROM "schema_migrations" ORDER BY "schema_migrations"."version" ASC[0m
  [1m[36mActiveRecord::InternalMetadata Load (1.8ms)[0m  [1m[34mSELECT "ar_internal_metadata".* FROM "ar_internal_metadata" WHERE "ar_internal_metadata"."key" = ? LIMIT ?[0m  [["key", "environment"], ["LIMIT", 1]]
  [1m[36mActiveRecord::SchemaMigration Pluck (2.1ms)[0m  [1m[34mSELECT "schema_migrations"."version" FROM "schema_migrations" ORDER BY "schema_migrations"."version" ASC[0m
  [1m[36mActiveRecord::InternalMetadata Load (2.4ms)[0m  [1m[34mSELECT "ar_internal_metadata".* FROM "ar_internal_metadata" WHERE "ar_internal_metadata"."key" = ? LIMIT ?[0m  [["key", "environment"], ["LIMIT", 1]]
  [1m[36mActiveRecord::SchemaMigration Pluck (2.1ms)[0m  [1m[34mSELECT "schema_migrations"."version" FROM "schema_migrations" ORDER BY "schema_migrations"."version" ASC[0m
Started GET "/" for 127.0.0.1 at 2023-07-12 20:00:50 -0400
  [1m[36mActiveRecord::SchemaMigration Pluck (1.9ms)[0m  [1m[34mSELECT "schema_migrations"."version" FROM "schema_migrations" ORDER BY "schema_migrations"."version" ASC[0m
Processing by WelcomeController#index as HTML
  Rendering text template
  Rendered text template (Duration: 0.0ms | Allocations: 10)
Completed 200 OK in 64ms (Views: 21.6ms | ActiveRecord: 0.0ms | Allocations: 2214)


Started GET "/" for 127.0.0.1 at 2023-07-12 20:01:23 -0400
Processing by WelcomeController#index as */*
  Rendering text template
  Rendered text template (Duration: 0.0ms | Allocations: 5)
Completed 200 OK in 15ms (Views: 0.8ms | ActiveRecord: 0.0ms | Allocations: 162)


  [1m[36mActiveRecord::InternalMetadata Load (3.2ms)[0m  [1m[34mSELECT "ar_internal_metadata".* FROM "ar_internal_metadata" WHERE "ar_internal_metadata"."key" = ? LIMIT ?[0m  [["key", "environment"], ["LIMIT", 1]]
  [1m[36mActiveRecord::SchemaMigration Pluck (1.9ms)[0m  [1m[34mSELECT "schema_migrations"."version" FROM "schema_migrations" ORDER BY "schema_migrations"."version" ASC[0m
  [1m[36mActiveRecord::InternalMetadata Load (2.0ms)[0m  [1m[34mSELECT "ar_internal_metadata".* FROM "ar_internal_metadata" WHERE "ar_internal_metadata"."key" = ? LIMIT ?[0m  [["key", "environment"], ["LIMIT", 1]]
  [1m[36mActiveRecord::SchemaMigration Pluck (1.5ms)[0m  [1m[34mSELECT "schema_migrations"."version" FROM "schema_migrations" ORDER BY "schema_migrations"."version" ASC[0m
Started GET "/" for 127.0.0.1 at 2023-07-12 20:02:50 -0400
  [1m[36mActiveRecord::SchemaMigration Pluck (1.3ms)[0m  [1m[34mSELECT "schema_migrations"."version" FROM "schema_migrations" ORDER BY "schema_migrations"."version" ASC[0m
Processing by WelcomeController#index as HTML
  Rendering text template
  Rendered text template (Duration: 0.1ms | Allocations: 10)
Completed 200 OK in 56ms (Views: 21.0ms | ActiveRecord: 0.0ms | Allocations: 2215)


Started GET "/" for 127.0.0.1 at 2023-07-13 12:49:07 -0400
  [1m[36mActiveRecord::SchemaMigration Pluck (1.3ms)[0m  [1m[34mSELECT "schema_migrations"."version" FROM "schema_migrations" ORDER BY "schema_migrations"."version" ASC[0m
Processing by WelcomeController#index as HTML
  Rendering text template
  Rendered text template (Duration: 0.1ms | Allocations: 10)
Completed 200 OK in 121ms (Views: 54.4ms | ActiveRecord: 0.0ms | Allocations: 2239)


